<?xml version="1.0" encoding="UTF-8"?>
<testng-results ignored="8" total="13" passed="3" failed="2" skipped="0">
  <reporter-output>
  </reporter-output>
  <suite started-at="2022-10-24T20:33:24 MSK" name="All Test Suite" finished-at="2022-10-24T20:33:50 MSK" duration-ms="26039">
    <groups>
    </groups>
    <test started-at="2022-10-24T20:33:24 MSK" name="D:/Code/java/Frameworks/src/test/resources" finished-at="2022-10-24T20:33:50 MSK" duration-ms="26039">
      <class name="tests.casesTest.RemoveFromCartTest">
        <test-method signature="checkIsRedirectToListing()[pri:0, instance:tests.casesTest.RemoveFromCartTest@59fc6d05]" started-at="2022-10-24T20:33:47 MSK" name="checkIsRedirectToListing" finished-at="2022-10-24T20:33:50 MSK" duration-ms="3252" status="PASS">
          <reporter-output>
          </reporter-output>
        </test-method> <!-- checkIsRedirectToListing -->
      </class> <!-- tests.casesTest.RemoveFromCartTest -->
      <class name="tests.casesTest.ProblemUserTest">
        <test-method signature="checkIsRedirectToListing()[pri:0, instance:tests.casesTest.ProblemUserTest@1ba467c2]" started-at="2022-10-24T20:33:31 MSK" name="checkIsRedirectToListing" finished-at="2022-10-24T20:33:33 MSK" duration-ms="2622" status="FAIL">
          <exception class="java.lang.AssertionError">
            <message>
              <![CDATA[expected [6] but found [3]]]>
            </message>
            <full-stacktrace>
              <![CDATA[java.lang.AssertionError: expected [6] but found [3]
at org.testng.Assert.fail(Assert.java:110)
at org.testng.Assert.failNotEquals(Assert.java:1413)
at org.testng.Assert.assertEqualsImpl(Assert.java:149)
at org.testng.Assert.assertEquals(Assert.java:131)
at org.testng.Assert.assertEquals(Assert.java:1240)
at org.testng.Assert.assertEquals(Assert.java:1274)
at pages.OurCases.listing.CasesListingPage.addAndRemoveElements(CasesListingPage.java:89)
at pages.OurCases.listing.CasesListingPage.doStandartActions(CasesListingPage.java:179)
at tests.casesTest.ProblemUserTest.checkIsRedirectToListing(ProblemUserTest.java:17)
at java.base/jdk.internal.reflect.NativeMethodAccessorImpl.invoke0(Native Method)
at java.base/jdk.internal.reflect.NativeMethodAccessorImpl.invoke(NativeMethodAccessorImpl.java:77)
at java.base/jdk.internal.reflect.DelegatingMethodAccessorImpl.invoke(DelegatingMethodAccessorImpl.java:43)
at java.base/java.lang.reflect.Method.invoke(Method.java:568)
at org.testng.internal.invokers.MethodInvocationHelper.invokeMethod(MethodInvocationHelper.java:135)
at org.testng.internal.invokers.TestInvoker.invokeMethod(TestInvoker.java:673)
at org.testng.internal.invokers.TestInvoker.invokeTestMethod(TestInvoker.java:220)
at org.testng.internal.invokers.MethodRunner.runInSequence(MethodRunner.java:50)
at org.testng.internal.invokers.TestInvoker$MethodInvocationAgent.invoke(TestInvoker.java:945)
at org.testng.internal.invokers.TestInvoker.invokeTestMethods(TestInvoker.java:193)
at org.testng.internal.invokers.TestMethodWorker.invokeTestMethods(TestMethodWorker.java:146)
at org.testng.internal.invokers.TestMethodWorker.run(TestMethodWorker.java:128)
at java.base/java.util.ArrayList.forEach(ArrayList.java:1511)
at org.testng.TestRunner.privateRun(TestRunner.java:808)
at org.testng.TestRunner.run(TestRunner.java:603)
at org.testng.SuiteRunner.runTest(SuiteRunner.java:429)
at org.testng.SuiteRunner.runSequentially(SuiteRunner.java:423)
at org.testng.SuiteRunner.privateRun(SuiteRunner.java:383)
at org.testng.SuiteRunner.run(SuiteRunner.java:326)
at org.testng.SuiteRunnerWorker.runSuite(SuiteRunnerWorker.java:52)
at org.testng.SuiteRunnerWorker.run(SuiteRunnerWorker.java:95)
at org.testng.TestNG.runSuitesSequentially(TestNG.java:1249)
at org.testng.TestNG.runSuitesLocally(TestNG.java:1169)
at org.testng.TestNG.runSuites(TestNG.java:1092)
at org.testng.TestNG.run(TestNG.java:1060)
at org.apache.maven.surefire.testng.TestNGExecutor.run(TestNGExecutor.java:284)
at org.apache.maven.surefire.testng.TestNGXmlTestSuite.execute(TestNGXmlTestSuite.java:75)
at org.apache.maven.surefire.testng.TestNGProvider.invoke(TestNGProvider.java:119)
at org.apache.maven.surefire.booter.ForkedBooter.runSuitesInProcess(ForkedBooter.java:428)
at org.apache.maven.surefire.booter.ForkedBooter.execute(ForkedBooter.java:162)
at org.apache.maven.surefire.booter.ForkedBooter.run(ForkedBooter.java:562)
at org.apache.maven.surefire.booter.ForkedBooter.main(ForkedBooter.java:548)
]]>
            </full-stacktrace>
          </exception> <!-- java.lang.AssertionError -->
          <reporter-output>
          </reporter-output>
        </test-method> <!-- checkIsRedirectToListing -->
      </class> <!-- tests.casesTest.ProblemUserTest -->
      <class name="tests.casesTest.LockedOutUserTest">
        <test-method signature="checkIsRedirectToListing()[pri:0, instance:tests.casesTest.LockedOutUserTest@48a2db72]" started-at="2022-10-24T20:33:29 MSK" name="checkIsRedirectToListing" finished-at="2022-10-24T20:33:30 MSK" duration-ms="1616" status="FAIL">
          <exception class="java.lang.AssertionError">
            <message>
              <![CDATA[expected [6] but found [0]]]>
            </message>
            <full-stacktrace>
              <![CDATA[java.lang.AssertionError: expected [6] but found [0]
at org.testng.Assert.fail(Assert.java:110)
at org.testng.Assert.failNotEquals(Assert.java:1413)
at org.testng.Assert.assertEqualsImpl(Assert.java:149)
at org.testng.Assert.assertEquals(Assert.java:131)
at org.testng.Assert.assertEquals(Assert.java:1240)
at org.testng.Assert.assertEquals(Assert.java:1274)
at pages.OurCases.listing.CasesListingPage.checkCountCards(CasesListingPage.java:50)
at pages.OurCases.listing.CasesListingPage.doStandartActions(CasesListingPage.java:177)
at tests.casesTest.LockedOutUserTest.checkIsRedirectToListing(LockedOutUserTest.java:17)
at java.base/jdk.internal.reflect.NativeMethodAccessorImpl.invoke0(Native Method)
at java.base/jdk.internal.reflect.NativeMethodAccessorImpl.invoke(NativeMethodAccessorImpl.java:77)
at java.base/jdk.internal.reflect.DelegatingMethodAccessorImpl.invoke(DelegatingMethodAccessorImpl.java:43)
at java.base/java.lang.reflect.Method.invoke(Method.java:568)
at org.testng.internal.invokers.MethodInvocationHelper.invokeMethod(MethodInvocationHelper.java:135)
at org.testng.internal.invokers.TestInvoker.invokeMethod(TestInvoker.java:673)
at org.testng.internal.invokers.TestInvoker.invokeTestMethod(TestInvoker.java:220)
at org.testng.internal.invokers.MethodRunner.runInSequence(MethodRunner.java:50)
at org.testng.internal.invokers.TestInvoker$MethodInvocationAgent.invoke(TestInvoker.java:945)
at org.testng.internal.invokers.TestInvoker.invokeTestMethods(TestInvoker.java:193)
at org.testng.internal.invokers.TestMethodWorker.invokeTestMethods(TestMethodWorker.java:146)
at org.testng.internal.invokers.TestMethodWorker.run(TestMethodWorker.java:128)
at java.base/java.util.ArrayList.forEach(ArrayList.java:1511)
at org.testng.TestRunner.privateRun(TestRunner.java:808)
at org.testng.TestRunner.run(TestRunner.java:603)
at org.testng.SuiteRunner.runTest(SuiteRunner.java:429)
at org.testng.SuiteRunner.runSequentially(SuiteRunner.java:423)
at org.testng.SuiteRunner.privateRun(SuiteRunner.java:383)
at org.testng.SuiteRunner.run(SuiteRunner.java:326)
at org.testng.SuiteRunnerWorker.runSuite(SuiteRunnerWorker.java:52)
at org.testng.SuiteRunnerWorker.run(SuiteRunnerWorker.java:95)
at org.testng.TestNG.runSuitesSequentially(TestNG.java:1249)
at org.testng.TestNG.runSuitesLocally(TestNG.java:1169)
at org.testng.TestNG.runSuites(TestNG.java:1092)
at org.testng.TestNG.run(TestNG.java:1060)
at org.apache.maven.surefire.testng.TestNGExecutor.run(TestNGExecutor.java:284)
at org.apache.maven.surefire.testng.TestNGXmlTestSuite.execute(TestNGXmlTestSuite.java:75)
at org.apache.maven.surefire.testng.TestNGProvider.invoke(TestNGProvider.java:119)
at org.apache.maven.surefire.booter.ForkedBooter.runSuitesInProcess(ForkedBooter.java:428)
at org.apache.maven.surefire.booter.ForkedBooter.execute(ForkedBooter.java:162)
at org.apache.maven.surefire.booter.ForkedBooter.run(ForkedBooter.java:562)
at org.apache.maven.surefire.booter.ForkedBooter.main(ForkedBooter.java:548)
]]>
            </full-stacktrace>
          </exception> <!-- java.lang.AssertionError -->
          <reporter-output>
          </reporter-output>
        </test-method> <!-- checkIsRedirectToListing -->
      </class> <!-- tests.casesTest.LockedOutUserTest -->
      <class name="tests.casesTest.StandartUserTest">
        <test-method signature="checkIsRedirectToListing()[pri:0, instance:tests.casesTest.StandartUserTest@16a2ed51]" started-at="2022-10-24T20:33:24 MSK" name="checkIsRedirectToListing" finished-at="2022-10-24T20:33:29 MSK" duration-ms="4591" status="PASS">
          <reporter-output>
          </reporter-output>
        </test-method> <!-- checkIsRedirectToListing -->
        <test-method is-config="true" signature="clearCookiesAndLocalStorage()[pri:0, instance:tests.casesTest.StandartUserTest@16a2ed51]" started-at="2022-10-24T20:33:50 MSK" name="clearCookiesAndLocalStorage" finished-at="2022-10-24T20:33:50 MSK" duration-ms="32" status="PASS">
          <reporter-output>
          </reporter-output>
        </test-method> <!-- clearCookiesAndLocalStorage -->
        <test-method is-config="true" signature="close()[pri:0, instance:tests.casesTest.StandartUserTest@16a2ed51]" started-at="2022-10-24T20:33:50 MSK" name="close" finished-at="2022-10-24T20:33:50 MSK" duration-ms="0" status="PASS">
          <reporter-output>
          </reporter-output>
        </test-method> <!-- close -->
      </class> <!-- tests.casesTest.StandartUserTest -->
      <class name="tests.casesTest.PerformanceGlitchUserTest">
        <test-method signature="checkIsRedirectToListing()[pri:0, instance:tests.casesTest.PerformanceGlitchUserTest@8aeab9e]" started-at="2022-10-24T20:33:33 MSK" name="checkIsRedirectToListing" finished-at="2022-10-24T20:33:47 MSK" duration-ms="13522" status="PASS">
          <reporter-output>
          </reporter-output>
        </test-method> <!-- checkIsRedirectToListing -->
      </class> <!-- tests.casesTest.PerformanceGlitchUserTest -->
    </test> <!-- D:/Code/java/Frameworks/src/test/resources -->
  </suite> <!-- All Test Suite -->
</testng-results>
